<?xml version="1.0" encoding="UTF-8"?>
<testng-results ignored="0" total="1" passed="1" failed="0" skipped="0">
  <reporter-output>
  </reporter-output>
  <suite started-at="2025-05-07T23:43:59 EEST" name="OrangeHRM Test Suite" finished-at="2025-05-07T23:44:33 EEST" duration-ms="33974">
    <groups>
      <group name="cucumber">
        <method signature="AbstractTestNGCucumberTests.runScenario(io.cucumber.testng.PickleWrapper,io.cucumber.testng.FeatureWrapper)[pri:0, instance:runner.TestRunner@41a2befb]" name="runScenario" class="io.cucumber.testng.AbstractTestNGCucumberTests"/>
      </group> <!-- cucumber -->
    </groups>
    <test started-at="2025-05-07T23:43:59 EEST" name="Admin User Management Test" finished-at="2025-05-07T23:44:33 EEST" duration-ms="33974">
      <class name="runner.TestRunner">
        <test-method is-config="true" signature="setUpClass(org.testng.ITestContext)[pri:0, instance:runner.TestRunner@41a2befb]" started-at="2025-05-07T23:43:59 EEST" name="setUpClass" finished-at="2025-05-07T23:44:00 EEST" duration-ms="496" status="PASS">
          <params>
            <param index="0">
              <value>
                <![CDATA[org.testng.TestRunner@7c0777b5]]>
              </value>
            </param>
          </params>
          <reporter-output>
          </reporter-output>
        </test-method> <!-- setUpClass -->
        <test-method signature="runScenario(io.cucumber.testng.PickleWrapper,io.cucumber.testng.FeatureWrapper)[pri:0, instance:runner.TestRunner@41a2befb]" started-at="2025-05-07T23:44:00 EEST" name="runScenario" description="Runs Cucumber Scenarios" data-provider="scenarios" finished-at="2025-05-07T23:44:33 EEST" duration-ms="33363" status="PASS">
          <params>
            <param index="0">
              <value>
                <![CDATA["Add and Delete Admin User"]]>
              </value>
            </param>
            <param index="1">
              <value>
                <![CDATA["OrangeHRM Admin User Management"]]>
              </value>
            </param>
          </params>
          <reporter-output>
          </reporter-output>
        </test-method> <!-- runScenario -->
        <test-method is-config="true" signature="tearDownClass()[pri:0, instance:runner.TestRunner@41a2befb]" started-at="2025-05-07T23:44:33 EEST" name="tearDownClass" finished-at="2025-05-07T23:44:33 EEST" duration-ms="54" status="PASS">
          <reporter-output>
          </reporter-output>
        </test-method> <!-- tearDownClass -->
      </class> <!-- runner.TestRunner -->
    </test> <!-- Admin User Management Test -->
  </suite> <!-- OrangeHRM Test Suite -->
</testng-results>
